<?xml version="1.0" encoding="UTF-8"?>
<testng-results skipped="0" failed="1" total="2" passed="1">
  <reporter-output>
  </reporter-output>
  <suite name="Suite" duration-ms="30957" started-at="2019-11-26T14:17:19Z" finished-at="2019-11-26T14:17:50Z">
    <groups>
      <group name="Sanity">
        <method signature="HomePageTests.SingleInputFieldTest1()[pri:1, instance:test.HomePageTests@28864e92]" name="SingleInputFieldTest1" class="test.HomePageTests"/>
      </group> <!-- Sanity -->
      <group name="Sanity, Regression">
        <method signature="HomePageTests.SingleInputFieldTest()[pri:3, instance:test.HomePageTests@28864e92]" name="SingleInputFieldTest" class="test.HomePageTests"/>
      </group> <!-- Sanity, Regression -->
    </groups>
    <test name="Test" duration-ms="30957" started-at="2019-11-26T14:17:19Z" finished-at="2019-11-26T14:17:50Z">
      <class name="test.HomePageTests">
        <test-method status="PASS" signature="beforeMethod()[pri:0, instance:test.HomePageTests@28864e92]" name="beforeMethod" is-config="true" duration-ms="15140" started-at="2019-11-26T16:17:19Z" finished-at="2019-11-26T16:17:34Z">
          <reporter-output>
          </reporter-output>
        </test-method> <!-- beforeMethod -->
        <test-method status="FAIL" signature="SingleInputFieldTest1()[pri:1, instance:test.HomePageTests@28864e92]" name="SingleInputFieldTest1" duration-ms="422" started-at="2019-11-26T16:17:34Z" finished-at="2019-11-26T16:17:34Z">
          <exception class="junit.framework.AssertionFailedError">
            <full-stacktrace>
              <![CDATA[junit.framework.AssertionFailedError
	at junit.framework.Assert.fail(Assert.java:47)
	at junit.framework.Assert.assertTrue(Assert.java:20)
	at junit.framework.Assert.assertFalse(Assert.java:34)
	at junit.framework.Assert.assertFalse(Assert.java:41)
	at test.HomePageTests.SingleInputFieldTest1(HomePageTests.java:42)
	at sun.reflect.NativeMethodAccessorImpl.invoke0(Native Method)
	at sun.reflect.NativeMethodAccessorImpl.invoke(Unknown Source)
	at sun.reflect.DelegatingMethodAccessorImpl.invoke(Unknown Source)
	at java.lang.reflect.Method.invoke(Unknown Source)
	at org.testng.internal.MethodInvocationHelper.invokeMethod(MethodInvocationHelper.java:86)
	at org.testng.internal.Invoker.invokeMethod(Invoker.java:645)
	at org.testng.internal.Invoker.invokeTestMethod(Invoker.java:822)
	at org.testng.internal.Invoker.invokeTestMethods(Invoker.java:1130)
	at org.testng.internal.TestMethodWorker.invokeTestMethods(TestMethodWorker.java:129)
	at org.testng.internal.TestMethodWorker.run(TestMethodWorker.java:112)
	at org.testng.TestRunner.privateRun(TestRunner.java:782)
	at org.testng.TestRunner.run(TestRunner.java:632)
	at org.testng.SuiteRunner.runTest(SuiteRunner.java:366)
	at org.testng.SuiteRunner.runSequentially(SuiteRunner.java:361)
	at org.testng.SuiteRunner.privateRun(SuiteRunner.java:319)
	at org.testng.SuiteRunner.run(SuiteRunner.java:268)
	at org.testng.SuiteRunnerWorker.runSuite(SuiteRunnerWorker.java:52)
	at org.testng.SuiteRunnerWorker.run(SuiteRunnerWorker.java:86)
	at org.testng.TestNG.runSuitesSequentially(TestNG.java:1244)
	at org.testng.TestNG.runSuitesLocally(TestNG.java:1169)
	at org.testng.TestNG.run(TestNG.java:1064)
	at org.testng.remote.RemoteTestNG.run(RemoteTestNG.java:113)
	at org.testng.remote.RemoteTestNG.initAndRun(RemoteTestNG.java:206)
	at org.testng.remote.RemoteTestNG.main(RemoteTestNG.java:177)
]]>
            </full-stacktrace>
          </exception> <!-- junit.framework.AssertionFailedError -->
          <reporter-output>
          </reporter-output>
        </test-method> <!-- SingleInputFieldTest1 -->
        <test-method status="PASS" signature="afterMethod()[pri:0, instance:test.HomePageTests@28864e92]" name="afterMethod" is-config="true" duration-ms="1061" started-at="2019-11-26T16:17:34Z" finished-at="2019-11-26T16:17:35Z">
          <reporter-output>
          </reporter-output>
        </test-method> <!-- afterMethod -->
        <test-method status="PASS" signature="beforeMethod()[pri:0, instance:test.HomePageTests@28864e92]" name="beforeMethod" is-config="true" duration-ms="12898" started-at="2019-11-26T16:17:35Z" finished-at="2019-11-26T16:17:48Z">
          <reporter-output>
          </reporter-output>
        </test-method> <!-- beforeMethod -->
        <test-method status="PASS" signature="SingleInputFieldTest()[pri:3, instance:test.HomePageTests@28864e92]" name="SingleInputFieldTest" duration-ms="382" started-at="2019-11-26T16:17:48Z" finished-at="2019-11-26T16:17:49Z">
          <reporter-output>
          </reporter-output>
        </test-method> <!-- SingleInputFieldTest -->
        <test-method status="PASS" signature="afterMethod()[pri:0, instance:test.HomePageTests@28864e92]" name="afterMethod" is-config="true" duration-ms="1034" started-at="2019-11-26T16:17:49Z" finished-at="2019-11-26T16:17:50Z">
          <reporter-output>
          </reporter-output>
        </test-method> <!-- afterMethod -->
      </class> <!-- test.HomePageTests -->
    </test> <!-- Test -->
  </suite> <!-- Suite -->
</testng-results>
