<?xml version="1.0" encoding="UTF-8"?>
<!-- Generated by org.testng.reporters.JUnitXMLReporter -->
<testsuite hostname="TDP348-22" name="Test" tests="2" failures="1" timestamp="26 Nov 2019 14:17:50 GMT" time="30.957" errors="0">
  <testcase name="SingleInputFieldTest1" time="0.422" classname="test.HomePageTests">
    <failure type="junit.framework.AssertionFailedError">
      <![CDATA[junit.framework.AssertionFailedError
	at junit.framework.Assert.fail(Assert.java:47)
	at junit.framework.Assert.assertTrue(Assert.java:20)
	at junit.framework.Assert.assertFalse(Assert.java:34)
	at junit.framework.Assert.assertFalse(Assert.java:41)
	at test.HomePageTests.SingleInputFieldTest1(HomePageTests.java:42)
... Removed 24 stack frames]]>
    </failure>
  </testcase> <!-- SingleInputFieldTest1 -->
  <testcase name="SingleInputFieldTest" time="0.382" classname="test.HomePageTests"/>
</testsuite> <!-- Test -->
